Searching for programs with 3 operations.

Found a 3-operation program:
   shrs  r1,rx,30
   or    r2,r1,1
   mul   r3,r2,rx
   Expr: (((x >>s 30) | 1)*x)

Found a 3-operation program:
   shrs  r1,rx,31
   add   r2,r1,rx
   xor   r3,r2,r1
   Expr: (((x >>s 31) + x) ^ (x >>s 31))

Found a 3-operation program:
   shrs  r1,rx,31
   or    r2,r1,1
   mul   r3,r2,rx
   Expr: (((x >>s 31) | 1)*x)

Found a 3-operation program:
   shrs  r1,rx,31
   xor   r2,r1,rx
   sub   r3,r2,r1
   Expr: (((x >>s 31) ^ x) - (x >>s 31))
Found 4 solutions.
Counters = 49186, 74458, 2436526, total = 2560170
Process time = 0.029 secs
