Searching for programs with 4 operations.

Found a 4-operation program:
   shr   r1,rx,31
   mul   r2,r1,3
   add   r3,r2,rx
   shrs  r4,r3,2
   Expr: ((((x >>u 31)*3) + x) >>s 2)

Found a 4-operation program:
   shrs  r1,rx,1
   shr   r2,r1,30
   add   r3,r2,rx
   shrs  r4,r3,2
   Expr: ((((x >>s 1) >>u 30) + x) >>s 2)

Found a 4-operation program:
   shrs  r1,rx,2
   shr   r2,r1,30
   add   r3,r2,rx
   shrs  r4,r3,2
   Expr: ((((x >>s 2) >>u 30) + x) >>s 2)

Found a 4-operation program:
   shrs  r1,rx,30
   shr   r2,r1,30
   add   r3,r2,rx
   shrs  r4,r3,2
   Expr: ((((x >>s 30) >>u 30) + x) >>s 2)

Found a 4-operation program:
   shrs  r1,rx,31
   mul   r2,r1,3
   sub   r3,rx,r2
   shrs  r4,r3,2
   Expr: ((x - ((x >>s 31)*3)) >>s 2)

Found a 4-operation program:
   shrs  r1,rx,31
   and   r2,r1,3
   add   r3,r2,rx
   shrs  r4,r3,2
   Expr: ((((x >>s 31) & 3) + x) >>s 2)

Found a 4-operation program:
   shrs  r1,rx,31
   shr   r2,r1,30
   add   r3,r2,rx
   shrs  r4,r3,2
   Expr: ((((x >>s 31) >>u 30) + x) >>s 2)

Found a 4-operation program:
   shrs  r1,rx,rx
   shr   r2,r1,30
   add   r3,r2,rx
   shrs  r4,r3,2
   Expr: ((((x >>s x) >>u 30) + x) >>s 2)
Found 8 solutions.
Counters = 254222, 265756, 3248755, 173244877, total = 177013610
Process time = 1.386 secs
